0 info it worked if it ends with ok
1 verbose cli [ 'C:\\Program Files\\nodejs\\node.exe',
1 verbose cli   'C:\\Program Files\\nodejs\\node_modules\\npm\\bin\\npm-cli.js',
1 verbose cli   'install',
1 verbose cli   'create-react-app',
1 verbose cli   'antm-demo' ]
2 info using npm@3.10.10
3 info using node@v6.10.3
4 silly loadCurrentTree Starting
5 silly install loadCurrentTree
6 silly install readLocalPackageData
7 silly fetchPackageMetaData create-react-app
8 silly fetchPackageMetaData antm-demo
9 silly fetchNamedPackageData create-react-app
10 silly mapToRegistry name create-react-app
11 silly mapToRegistry using default registry
12 silly mapToRegistry registry https://registry.npm.taobao.org/
13 silly mapToRegistry data Result {
13 silly mapToRegistry   raw: 'create-react-app',
13 silly mapToRegistry   scope: null,
13 silly mapToRegistry   escapedName: 'create-react-app',
13 silly mapToRegistry   name: 'create-react-app',
13 silly mapToRegistry   rawSpec: '',
13 silly mapToRegistry   spec: 'latest',
13 silly mapToRegistry   type: 'tag' }
14 silly mapToRegistry uri https://registry.npm.taobao.org/create-react-app
15 silly fetchNamedPackageData antm-demo
16 silly mapToRegistry name antm-demo
17 silly mapToRegistry using default registry
18 silly mapToRegistry registry https://registry.npm.taobao.org/
19 silly mapToRegistry data Result {
19 silly mapToRegistry   raw: 'antm-demo',
19 silly mapToRegistry   scope: null,
19 silly mapToRegistry   escapedName: 'antm-demo',
19 silly mapToRegistry   name: 'antm-demo',
19 silly mapToRegistry   rawSpec: '',
19 silly mapToRegistry   spec: 'latest',
19 silly mapToRegistry   type: 'tag' }
20 silly mapToRegistry uri https://registry.npm.taobao.org/antm-demo
21 verbose request uri https://registry.npm.taobao.org/antm-demo
22 verbose request no auth needed
23 info attempt registry request try #1 at 14:27:10
24 verbose request id 6529d15d65a7b341
25 http request GET https://registry.npm.taobao.org/antm-demo
26 verbose request uri https://registry.npm.taobao.org/create-react-app
27 verbose request no auth needed
28 info attempt registry request try #1 at 14:27:10
29 verbose etag "e18c-AyK045q3ihv94l6c9732s2ShR/U"
30 http request GET https://registry.npm.taobao.org/create-react-app
31 http 304 https://registry.npm.taobao.org/create-react-app
32 verbose headers { date: 'Tue, 05 Sep 2017 06:27:13 GMT',
32 verbose headers   connection: 'keep-alive',
32 verbose headers   'x-current-requests': '1',
32 verbose headers   etag: '"e18c-AyK045q3ihv94l6c9732s2ShR/U"',
32 verbose headers   'x-readtime': '33' }
33 silly get cb [ 304,
33 silly get   { date: 'Tue, 05 Sep 2017 06:27:13 GMT',
33 silly get     connection: 'keep-alive',
33 silly get     'x-current-requests': '1',
33 silly get     etag: '"e18c-AyK045q3ihv94l6c9732s2ShR/U"',
33 silly get     'x-readtime': '33' } ]
34 verbose etag https://registry.npm.taobao.org/create-react-app from cache
35 verbose get saving create-react-app to C:\Users\Administrator\AppData\Roaming\npm-cache\registry.npm.taobao.org\create-react-app\.cache.json
36 verbose correctMkdir C:\Users\Administrator\AppData\Roaming\npm-cache correctMkdir not in flight; initializing
37 http 404 https://registry.npm.taobao.org/antm-demo
38 verbose headers { 'content-type': 'application/json',
38 verbose headers   'cache-control': 'max-age=0',
38 verbose headers   'content-length': '2',
38 verbose headers   'accept-ranges': 'bytes',
38 verbose headers   date: 'Tue, 05 Sep 2017 06:27:15 GMT',
38 verbose headers   via: '1.1 varnish',
38 verbose headers   age: '0',
38 verbose headers   connection: 'keep-alive',
38 verbose headers   'x-served-by': 'cache-nrt6129-NRT',
38 verbose headers   'x-cache': 'MISS',
38 verbose headers   'x-cache-hits': '0',
38 verbose headers   'x-timer': 'S1504592834.446191,VS0,VE1243',
38 verbose headers   vary: 'Accept-Encoding' }
39 silly get cb [ 404,
39 silly get   { 'content-type': 'application/json',
39 silly get     'cache-control': 'max-age=0',
39 silly get     'content-length': '2',
39 silly get     'accept-ranges': 'bytes',
39 silly get     date: 'Tue, 05 Sep 2017 06:27:15 GMT',
39 silly get     via: '1.1 varnish',
39 silly get     age: '0',
39 silly get     connection: 'keep-alive',
39 silly get     'x-served-by': 'cache-nrt6129-NRT',
39 silly get     'x-cache': 'MISS',
39 silly get     'x-cache-hits': '0',
39 silly get     'x-timer': 'S1504592834.446191,VS0,VE1243',
39 silly get     vary: 'Accept-Encoding' } ]
40 silly fetchPackageMetaData Error: Registry returned 404 for GET on https://registry.npm.taobao.org/antm-demo
40 silly fetchPackageMetaData     at makeError (C:\Program Files\nodejs\node_modules\npm\node_modules\npm-registry-client\lib\request.js:302:12)
40 silly fetchPackageMetaData     at CachingRegistryClient.<anonymous> (C:\Program Files\nodejs\node_modules\npm\node_modules\npm-registry-client\lib\request.js:280:14)
40 silly fetchPackageMetaData     at Request._callback (C:\Program Files\nodejs\node_modules\npm\node_modules\npm-registry-client\lib\request.js:210:14)
40 silly fetchPackageMetaData     at Request.self.callback (C:\Program Files\nodejs\node_modules\npm\node_modules\request\request.js:187:22)
40 silly fetchPackageMetaData     at emitTwo (events.js:106:13)
40 silly fetchPackageMetaData     at Request.emit (events.js:191:7)
40 silly fetchPackageMetaData     at Request.<anonymous> (C:\Program Files\nodejs\node_modules\npm\node_modules\request\request.js:1048:10)
40 silly fetchPackageMetaData     at emitOne (events.js:96:13)
40 silly fetchPackageMetaData     at Request.emit (events.js:188:7)
40 silly fetchPackageMetaData     at IncomingMessage.<anonymous> (C:\Program Files\nodejs\node_modules\npm\node_modules\request\request.js:969:12)
40 silly fetchPackageMetaData  error for antm-demo { Error: Registry returned 404 for GET on https://registry.npm.taobao.org/antm-demo
40 silly fetchPackageMetaData     at makeError (C:\Program Files\nodejs\node_modules\npm\node_modules\npm-registry-client\lib\request.js:302:12)
40 silly fetchPackageMetaData     at CachingRegistryClient.<anonymous> (C:\Program Files\nodejs\node_modules\npm\node_modules\npm-registry-client\lib\request.js:280:14)
40 silly fetchPackageMetaData     at Request._callback (C:\Program Files\nodejs\node_modules\npm\node_modules\npm-registry-client\lib\request.js:210:14)
40 silly fetchPackageMetaData     at Request.self.callback (C:\Program Files\nodejs\node_modules\npm\node_modules\request\request.js:187:22)
40 silly fetchPackageMetaData     at emitTwo (events.js:106:13)
40 silly fetchPackageMetaData     at Request.emit (events.js:191:7)
40 silly fetchPackageMetaData     at Request.<anonymous> (C:\Program Files\nodejs\node_modules\npm\node_modules\request\request.js:1048:10)
40 silly fetchPackageMetaData     at emitOne (events.js:96:13)
40 silly fetchPackageMetaData     at Request.emit (events.js:188:7)
40 silly fetchPackageMetaData     at IncomingMessage.<anonymous> (C:\Program Files\nodejs\node_modules\npm\node_modules\request\request.js:969:12) pkgid: 'antm-demo', statusCode: 404, code: 'E404' }
41 silly rollbackFailedOptional Starting
42 silly rollbackFailedOptional Finishing
43 silly runTopLevelLifecycles Finishing
44 silly install printInstalled
45 verbose stack Error: Registry returned 404 for GET on https://registry.npm.taobao.org/antm-demo
45 verbose stack     at makeError (C:\Program Files\nodejs\node_modules\npm\node_modules\npm-registry-client\lib\request.js:302:12)
45 verbose stack     at CachingRegistryClient.<anonymous> (C:\Program Files\nodejs\node_modules\npm\node_modules\npm-registry-client\lib\request.js:280:14)
45 verbose stack     at Request._callback (C:\Program Files\nodejs\node_modules\npm\node_modules\npm-registry-client\lib\request.js:210:14)
45 verbose stack     at Request.self.callback (C:\Program Files\nodejs\node_modules\npm\node_modules\request\request.js:187:22)
45 verbose stack     at emitTwo (events.js:106:13)
45 verbose stack     at Request.emit (events.js:191:7)
45 verbose stack     at Request.<anonymous> (C:\Program Files\nodejs\node_modules\npm\node_modules\request\request.js:1048:10)
45 verbose stack     at emitOne (events.js:96:13)
45 verbose stack     at Request.emit (events.js:188:7)
45 verbose stack     at IncomingMessage.<anonymous> (C:\Program Files\nodejs\node_modules\npm\node_modules\request\request.js:969:12)
46 verbose statusCode 404
47 verbose pkgid antm-demo
48 verbose cwd E:\move\day5
49 error Windows_NT 6.1.7601
50 error argv "C:\\Program Files\\nodejs\\node.exe" "C:\\Program Files\\nodejs\\node_modules\\npm\\bin\\npm-cli.js" "install" "create-react-app" "antm-demo"
51 error node v6.10.3
52 error npm  v3.10.10
53 error code E404
54 error 404 Registry returned 404 for GET on https://registry.npm.taobao.org/antm-demo
55 error 404
56 error 404 'antm-demo' is not in the npm registry.
57 error 404 You should bug the author to publish it (or use the name yourself!)
58 error 404 Note that you can also install from a
59 error 404 tarball, folder, http url, or git url.
60 verbose exit [ 1, true ]
